<?xml version="1.0" encoding="UTF-8"?>
<testsuite name="CSVServiceTest" tests="3" skipped="0" failures="0" errors="0" timestamp="2021-11-20T06:18:57" hostname="Macintoshs-MBP" time="0.04">
  <properties/>
  <testcase name="successImportUsers()" classname="CSVServiceTest" time="0.037"/>
  <testcase name="failedInvalidId()" classname="CSVServiceTest" time="0.002"/>
  <testcase name="failedInvalidHeader()" classname="CSVServiceTest" time="0.001"/>
  <system-out><![CDATA[./testdata/resource/invalid_header_users.csv
]]></system-out>
  <system-err><![CDATA[SLF4J: Failed to load class "org.slf4j.impl.StaticLoggerBinder".
SLF4J: Defaulting to no-operation (NOP) logger implementation
SLF4J: See http://www.slf4j.org/codes.html#StaticLoggerBinder for further details.
]]></system-err>
</testsuite>
